[debug] [2019-06-06T22:49:44.923Z] ----------------------------------------------------------------------
[debug] [2019-06-06T22:49:44.925Z] Command:       /usr/bin/node /usr/local/bin/firebase serve
[debug] [2019-06-06T22:49:44.925Z] CLI Version:   6.7.2
[debug] [2019-06-06T22:49:44.925Z] Platform:      linux
[debug] [2019-06-06T22:49:44.925Z] Node Version:  v8.10.0
[debug] [2019-06-06T22:49:44.925Z] Time:          Thu Jun 06 2019 16:49:44 GMT-0600 (MDT)
[debug] [2019-06-06T22:49:44.925Z] ----------------------------------------------------------------------
[debug] 
[debug] [2019-06-06T22:49:44.931Z] > command requires scopes: ["email","openid","https://www.googleapis.com/auth/cloudplatformprojects.readonly","https://www.googleapis.com/auth/firebase","https://www.googleapis.com/auth/cloud-platform"]
[debug] [2019-06-06T22:49:44.931Z] > authorizing via signed-in user
[debug] [2019-06-06T22:49:44.931Z] [iam] checking project cs260lab2devoncward for permissions ["firebase.projects.get"]
[debug] [2019-06-06T22:49:44.933Z] >>> HTTP REQUEST POST https://cloudresourcemanager.googleapis.com/v1/projects/cs260lab2devoncward:testIamPermissions  

[debug] [2019-06-06T22:49:45.330Z] <<< HTTP RESPONSE 200
[debug] [2019-06-06T22:49:45.336Z] >>> HTTP REQUEST GET https://cloudresourcemanager.googleapis.com/v1/projects/cs260lab2devoncward  
 
[debug] [2019-06-06T22:49:45.508Z] <<< HTTP RESPONSE 200
[info] 
[info] === Serving from '/home/devon/Programming/CS260/labs/lab4'...
[info] 
[info] i  functions: Preparing to emulate functions.
[debug] [2019-06-06T22:49:45.861Z] Fetching environment
[debug] [2019-06-06T22:49:45.862Z] >>> HTTP REQUEST GET https://mobilesdk-pa.googleapis.com/v1/projects/717308727387:getServerAppConfig  
 
[debug] [2019-06-06T22:49:45.863Z] >>> HTTP REQUEST GET https://mobilesdk-pa.googleapis.com/v1/projects/717308727387/clients/_:getWebAppConfig  
 
[debug] [2019-06-06T22:49:46.076Z] <<< HTTP RESPONSE 200
[debug] [2019-06-06T22:49:46.077Z] Starting @google-cloud/functions-emulator
[debug] [2019-06-06T22:49:46.444Z] <<< HTTP RESPONSE 200
[info] i  hosting: Serving hosting files from: public
[info] ✔  hosting: Local server: http://localhost:5000
[debug] [2019-06-06T22:49:47.120Z] Parsing function triggers
[info] ✔  functions: app: http://localhost:5001/cs260lab2devoncward/us-central1/app
[info] [hosting] Rewriting /api/items to http://localhost:5001/cs260lab2devoncward/us-central1/app for local Function app
[info] [hosting] Rewriting /api/items/2 to http://localhost:5001/cs260lab2devoncward/us-central1/app for local Function app
[info] [hosting] Rewriting /api/items to http://localhost:5001/cs260lab2devoncward/us-central1/app for local Function app
[info] [hosting] Rewriting /api/items to http://localhost:5001/cs260lab2devoncward/us-central1/app for local Function app
