[debug] [2019-06-06T20:43:08.507Z] ----------------------------------------------------------------------
[debug] [2019-06-06T20:43:08.510Z] Command:       /usr/bin/node /usr/local/bin/firebase serve
[debug] [2019-06-06T20:43:08.510Z] CLI Version:   6.7.2
[debug] [2019-06-06T20:43:08.510Z] Platform:      linux
[debug] [2019-06-06T20:43:08.510Z] Node Version:  v8.10.0
[debug] [2019-06-06T20:43:08.510Z] Time:          Thu Jun 06 2019 14:43:08 GMT-0600 (MDT)
[debug] [2019-06-06T20:43:08.510Z] ----------------------------------------------------------------------
[debug] 
[debug] [2019-06-06T20:43:08.516Z] > command requires scopes: ["email","openid","https://www.googleapis.com/auth/cloudplatformprojects.readonly","https://www.googleapis.com/auth/firebase","https://www.googleapis.com/auth/cloud-platform"]
[debug] [2019-06-06T20:43:08.517Z] > authorizing via signed-in user
[debug] [2019-06-06T20:43:08.517Z] [iam] checking project cs260lab2devoncward for permissions ["firebase.projects.get"]
[debug] [2019-06-06T20:43:08.518Z] >>> HTTP REQUEST POST https://cloudresourcemanager.googleapis.com/v1/projects/cs260lab2devoncward:testIamPermissions  

[debug] [2019-06-06T20:43:08.923Z] <<< HTTP RESPONSE 200
[debug] [2019-06-06T20:43:08.929Z] >>> HTTP REQUEST GET https://cloudresourcemanager.googleapis.com/v1/projects/cs260lab2devoncward  
 
[debug] [2019-06-06T20:43:09.322Z] <<< HTTP RESPONSE 200
[info] 
[info] === Serving from '/home/devon/Programming/CS260/labs/lab4'...
[info] 
[info] i  functions: Preparing to emulate functions.
[debug] [2019-06-06T20:43:09.672Z] Fetching environment
[debug] [2019-06-06T20:43:09.674Z] >>> HTTP REQUEST GET https://mobilesdk-pa.googleapis.com/v1/projects/717308727387:getServerAppConfig  
 
[debug] [2019-06-06T20:43:09.674Z] >>> HTTP REQUEST GET https://mobilesdk-pa.googleapis.com/v1/projects/717308727387/clients/_:getWebAppConfig  
 
[debug] [2019-06-06T20:43:09.883Z] <<< HTTP RESPONSE 200
[debug] [2019-06-06T20:43:09.884Z] Starting @google-cloud/functions-emulator
[debug] [2019-06-06T20:43:10.242Z] <<< HTTP RESPONSE 200
[info] i  hosting: Serving hosting files from: public
[info] ✔  hosting: Local server: http://localhost:5000
[debug] [2019-06-06T20:43:10.922Z] Parsing function triggers
[info] [hosting] Rewriting /api/items to http://localhost:5001/cs260lab2devoncward/us-central1/app for local Function app
[info] ✔  functions: app: http://localhost:5001/cs260lab2devoncward/us-central1/app
[info] [hosting] Rewriting /api/items/3 to http://localhost:5001/cs260lab2devoncward/us-central1/app for local Function app
[info] [hosting] Rewriting /api/items to http://localhost:5001/cs260lab2devoncward/us-central1/app for local Function app
[info] [hosting] Rewriting /api/items/1 to http://localhost:5001/cs260lab2devoncward/us-central1/app for local Function app
